This is pdfTeX, Version 3.14159265-2.6-1.40.16 (MiKTeX 2.9) (preloaded format=pdflatex 2015.12.18)  2 JAN 2016 17:01
entering extended mode
**\input hw.tex
(hw.tex ("D:\Program Files (x86)\MiKTeX 2.9\tex\latex\base\article.cls"
Document Class: article 2014/09/29 v1.4h Standard LaTeX document class
("D:\Program Files (x86)\MiKTeX 2.9\tex\latex\base\size10.clo"
File: size10.clo 2014/09/29 v1.4h Standard LaTeX file (size option)
)
\c@part=\count79
\c@section=\count80
\c@subsection=\count81
\c@subsubsection=\count82
\c@paragraph=\count83
\c@subparagraph=\count84
\c@figure=\count85
\c@table=\count86
\abovecaptionskip=\skip41
\belowcaptionskip=\skip42
\bibindent=\dimen102
)
("D:\Program Files (x86)\MiKTeX 2.9\tex\latex\base\inputenc.sty"
Package: inputenc 2015/03/17 v1.2c Input encoding file
\inpenc@prehook=\toks14
\inpenc@posthook=\toks15

("D:\Program Files (x86)\MiKTeX 2.9\tex\latex\ucs\utf8x.def"
File: utf8x.def 2004/10/17 UCS: Input encoding UTF-8
))
("D:\Program Files (x86)\MiKTeX 2.9\tex\latex\ucs\ucs.sty"
Package: ucs 2013/05/11 v2.2 UCS: Unicode input support

("D:\Program Files (x86)\MiKTeX 2.9\tex\latex\ucs\uni-global.def"
File: uni-global.def 2013/05/13 UCS: Unicode global data
)
\uc@secondtry=\count87
\uc@combtoks=\toks16
\uc@combtoksb=\toks17
\uc@temptokena=\toks18
)
("D:\Program Files (x86)\MiKTeX 2.9\tex\generic\babel\babel.sty"
Package: babel 2015/08/03 3.9m The Babel package

*************************************
* Local config file bblopts.cfg used
*
("D:\Program Files (x86)\MiKTeX 2.9\tex\latex\00miktex\bblopts.cfg"
File: bblopts.cfg 2006/07/31 v1.0 MiKTeX 'babel' configuration
)
("D:\Program Files (x86)\MiKTeX 2.9\tex\latex\babel-english\english.ldf"
Language: english 2012/08/20 v3.3p English support from the babel system

("D:\Program Files (x86)\MiKTeX 2.9\tex\generic\babel\babel.def"
File: babel.def 2015/08/03 3.9m Babel common definitions
\babel@savecnt=\count88
\U@D=\dimen103
)
\l@canadian = a dialect from \language\l@american 
\l@australian = a dialect from \language\l@british 
\l@newzealand = a dialect from \language\l@british 
)
("D:\Program Files (x86)\MiKTeX 2.9\tex\latex\babel-hebrew\rlbabel.def"
File: rlbabel.def 2005/03/30 v2.3h Right-to-Left support from the babel system 
Hebrew language support from the babel system
)
(C:\ProgramData\MiKTeX\2.9\tex\latex\babel-hebrew\hebrew.ldf
File: hebrew.ldf 2004/02/20 v2.3h Hebrew language definition from the babel sys
tem Hebrew language support from the babel system


Package babel Warning: No hyphenation patterns were preloaded for
(babel)                the language `Hebrew' into the format.
(babel)                Please, configure your TeX system to add them and
(babel)                rebuild the format. Now I will use the patterns
(babel)                preloaded for english instead on input line 57.

\l@hebrew = a dialect from \language0
)) (C:\ProgramData\MiKTeX\2.9\tex\latex\babel-hebrew\he8enc.def
File: HE8enc.def 8-bit Hebrew font encoding
)
("D:\Program Files (x86)\MiKTeX 2.9\tex\latex\babel-hebrew\hebfont.sty"
Package: hebfont 2005/05/20 v1.2c Hebrew font switching commands (test version:
 still liable to change)
)
(hw.aux
LaTeX Font Info:    Try loading font information for HE8+cmr on input line 2.
 (C:\ProgramData\MiKTeX\2.9\tex\latex\babel-hebrew\he8cmr.fd
File: HE8cmr.fd Hebrew default font
)
LaTeX Font Info:    Font shape `HE8/cmr/m/n' will be
(Font)              scaled to size 10.0pt on input line 2.
)
\openout1 = `hw.aux'.

LaTeX Font Info:    Checking defaults for OML/cmm/m/it on input line 13.
LaTeX Font Info:    ... okay on input line 13.
LaTeX Font Info:    Checking defaults for T1/cmr/m/n on input line 13.
LaTeX Font Info:    ... okay on input line 13.
LaTeX Font Info:    Checking defaults for OT1/cmr/m/n on input line 13.
LaTeX Font Info:    ... okay on input line 13.
LaTeX Font Info:    Checking defaults for OMS/cmsy/m/n on input line 13.
LaTeX Font Info:    ... okay on input line 13.
LaTeX Font Info:    Checking defaults for OMX/cmex/m/n on input line 13.
LaTeX Font Info:    ... okay on input line 13.
LaTeX Font Info:    Checking defaults for U/cmr/m/n on input line 13.
LaTeX Font Info:    ... okay on input line 13.
LaTeX Font Info:    Checking defaults for HE8/cmr/m/n on input line 13.
LaTeX Font Info:    ... okay on input line 13.

("D:\Program Files (x86)\MiKTeX 2.9\tex\latex\ucs\ucsencs.def"
File: ucsencs.def 2011/01/21 Fixes to fontencodings LGR, T3
)
LaTeX Font Info:    Font shape `HE8/cmr/m/n' will be
(Font)              scaled to size 14.4pt on input line 14.
LaTeX Font Info:    Font shape `HE8/cmr/bx/n' will be
(Font)              scaled to size 14.4pt on input line 14.

("D:\Program Files (x86)\MiKTeX 2.9\tex\latex\ucs\uni-5.def"
File: uni-5.def 2013/05/13 UCS: Unicode data U+0500..U+05FF
)
LaTeX Font Info:    Font shape `HE8/cmr/m/n' will be
(Font)              scaled to size 12.0pt on input line 15.
LaTeX Font Info:    Font shape `HE8/cmr/bx/n' will be
(Font)              scaled to size 12.0pt on input line 15.
LaTeX Font Info:    External font `cmex10' loaded for size
(Font)              <7> on input line 17.
LaTeX Font Info:    External font `cmex10' loaded for size
(Font)              <5> on input line 17.
 [1

{C:/Users/Amit/AppData/Local/MiKTeX/2.9/pdftex/config/pdftex.map}] (hw.aux) ) 
Here is how much of TeX's memory you used:
 1574 strings out of 493634
 21054 string characters out of 3141316
 86283 words of memory out of 3000000
 4990 multiletter control sequences out of 15000+200000
 7764 words of font info for 22 fonts, out of 3000000 for 9000
 1025 hyphenation exceptions out of 8191
 24i,6n,23p,511b,239s stack positions out of 5000i,500n,10000p,200000b,50000s
{C
:/ProgramData/MiKTeX/2.9/dvips/base/culmus-he8.enc}<C:/ProgramData/MiKTeX/2.9/f
onts/type1/public/culmus/DavidCLM-Bold.pfa><C:/ProgramData/MiKTeX/2.9/fonts/typ
e1/public/culmus/DavidCLM-Medium.pfa><D:/Program Files (x86)/MiKTeX 2.9/fonts/t
ype1/public/amsfonts/cm/cmmi10.pfb><D:/Program Files (x86)/MiKTeX 2.9/fonts/typ
e1/public/amsfonts/cm/cmr10.pfb><D:/Program Files (x86)/MiKTeX 2.9/fonts/type1/
public/amsfonts/cm/cmr7.pfb><D:/Program Files (x86)/MiKTeX 2.9/fonts/type1/publ
ic/amsfonts/cm/cmsy10.pfb>
Output written on hw.pdf (1 page, 69812 bytes).
PDF statistics:
 31 PDF objects out of 1000 (max. 8388607)
 0 named destinations out of 1000 (max. 500000)
 1 words of extra memory for PDF output out of 10000 (max. 10000000)

